c:\users\testdroid.satcom\documents\visual studio 2015\projects\postgresdemo\postgresdemo\debug\postgresdemo.pch
c:\users\testdroid.satcom\documents\visual studio 2015\projects\postgresdemo\postgresdemo\debug\vc140.pdb
c:\users\testdroid.satcom\documents\visual studio 2015\projects\postgresdemo\postgresdemo\debug\stdafx.obj
c:\users\testdroid.satcom\documents\visual studio 2015\projects\postgresdemo\postgresdemo\debug\postgresdemo.obj
c:\users\testdroid.satcom\documents\visual studio 2015\projects\postgresdemo\postgresdemo\debug\assemblyinfo.obj
c:\users\testdroid.satcom\documents\visual studio 2015\projects\postgresdemo\postgresdemo\debug\.netframework,version=v4.5.2.assemblyattributes.obj
c:\users\testdroid.satcom\documents\visual studio 2015\projects\postgresdemo\postgresdemo\debug\.netframework,version=v4.5.2.assemblyattributes.asm
c:\users\testdroid.satcom\documents\visual studio 2015\projects\postgresdemo\debug\postgresdemo.exe
c:\users\testdroid.satcom\documents\visual studio 2015\projects\postgresdemo\debug\postgresdemo.pdb
c:\users\testdroid.satcom\documents\visual studio 2015\projects\postgresdemo\postgresdemo\debug\app.res
c:\users\testdroid.satcom\documents\visual studio 2015\projects\postgresdemo\postgresdemo\debug\postgresdemo.vcxprojresolveassemblyreference.cache
c:\users\testdroid.satcom\documents\visual studio 2015\projects\postgresdemo\postgresdemo\debug\postgresdemo.tlog\cl.command.1.tlog
c:\users\testdroid.satcom\documents\visual studio 2015\projects\postgresdemo\postgresdemo\debug\postgresdemo.tlog\cl.read.1.tlog
c:\users\testdroid.satcom\documents\visual studio 2015\projects\postgresdemo\postgresdemo\debug\postgresdemo.tlog\cl.write.1.tlog
c:\users\testdroid.satcom\documents\visual studio 2015\projects\postgresdemo\postgresdemo\debug\postgresdemo.tlog\link.command.1.tlog
c:\users\testdroid.satcom\documents\visual studio 2015\projects\postgresdemo\postgresdemo\debug\postgresdemo.tlog\link.read.1.tlog
c:\users\testdroid.satcom\documents\visual studio 2015\projects\postgresdemo\postgresdemo\debug\postgresdemo.tlog\link.write.1.tlog
c:\users\testdroid.satcom\documents\visual studio 2015\projects\postgresdemo\postgresdemo\debug\postgresdemo.tlog\metagen.read.1.tlog
c:\users\testdroid.satcom\documents\visual studio 2015\projects\postgresdemo\postgresdemo\debug\postgresdemo.tlog\metagen.write.1.tlog
c:\users\testdroid.satcom\documents\visual studio 2015\projects\postgresdemo\postgresdemo\debug\postgresdemo.tlog\rc.command.1.tlog
c:\users\testdroid.satcom\documents\visual studio 2015\projects\postgresdemo\postgresdemo\debug\postgresdemo.tlog\rc.read.1.tlog
c:\users\testdroid.satcom\documents\visual studio 2015\projects\postgresdemo\postgresdemo\debug\postgresdemo.tlog\rc.write.1.tlog
c:\users\testdroid.satcom\documents\visual studio 2015\projects\postgresdemo\postgresdemo\debug\postgresdemo.tlog\rsaenh.dll.bi
c:\users\testdroid.satcom\documents\visual studio 2015\projects\postgresdemo\postgresdemo\debug\postgresdemo.tlog\tzres.dll.bi
